[2026-04-10T05:35:13.078+0000] {processor.py:161} INFO - Started process (PID=168) to work on /opt/airflow/dags/telemetry_pipeline_dag.py
[2026-04-10T05:35:13.080+0000] {processor.py:830} INFO - Processing file /opt/airflow/dags/telemetry_pipeline_dag.py for tasks to queue
[2026-04-10T05:35:13.082+0000] {logging_mixin.py:188} INFO - [2026-04-10T05:35:13.081+0000] {dagbag.py:538} INFO - Filling up the DagBag from /opt/airflow/dags/telemetry_pipeline_dag.py
[2026-04-10T05:35:13.124+0000] {processor.py:840} INFO - DAG(s) 'vehicle_telemetry_ml_pipeline' retrieved from /opt/airflow/dags/telemetry_pipeline_dag.py
[2026-04-10T05:35:13.150+0000] {logging_mixin.py:188} INFO - [2026-04-10T05:35:13.149+0000] {dag.py:3036} INFO - Sync 1 DAGs
[2026-04-10T05:35:13.179+0000] {logging_mixin.py:188} INFO - [2026-04-10T05:35:13.179+0000] {dag.py:3823} INFO - Setting next_dagrun for vehicle_telemetry_ml_pipeline to 2026-04-09 00:00:00+00:00, run_after=2026-04-10 00:00:00+00:00
[2026-04-10T05:35:13.205+0000] {processor.py:183} INFO - Processing /opt/airflow/dags/telemetry_pipeline_dag.py took 0.134 seconds
[2026-04-10T05:36:32.129+0000] {processor.py:161} INFO - Started process (PID=173) to work on /opt/airflow/dags/telemetry_pipeline_dag.py
[2026-04-10T05:36:32.131+0000] {processor.py:830} INFO - Processing file /opt/airflow/dags/telemetry_pipeline_dag.py for tasks to queue
[2026-04-10T05:36:32.133+0000] {logging_mixin.py:188} INFO - [2026-04-10T05:36:32.132+0000] {dagbag.py:538} INFO - Filling up the DagBag from /opt/airflow/dags/telemetry_pipeline_dag.py
[2026-04-10T05:35:38.125+0000] {processor.py:840} INFO - DAG(s) 'vehicle_telemetry_ml_pipeline' retrieved from /opt/airflow/dags/telemetry_pipeline_dag.py
[2026-04-10T05:35:38.345+0000] {logging_mixin.py:188} INFO - [2026-04-10T05:35:38.345+0000] {dag.py:3036} INFO - Sync 1 DAGs
[2026-04-10T05:35:38.362+0000] {logging_mixin.py:188} INFO - [2026-04-10T05:35:38.361+0000] {dag.py:3823} INFO - Setting next_dagrun for vehicle_telemetry_ml_pipeline to 2026-04-09 00:00:00+00:00, run_after=2026-04-10 00:00:00+00:00
[2026-04-10T05:35:38.381+0000] {processor.py:183} INFO - Processing /opt/airflow/dags/telemetry_pipeline_dag.py took 0.298 seconds
[2026-04-10T05:35:43.144+0000] {processor.py:161} INFO - Started process (PID=178) to work on /opt/airflow/dags/telemetry_pipeline_dag.py
[2026-04-10T05:35:43.146+0000] {processor.py:830} INFO - Processing file /opt/airflow/dags/telemetry_pipeline_dag.py for tasks to queue
[2026-04-10T05:35:43.147+0000] {logging_mixin.py:188} INFO - [2026-04-10T05:35:43.147+0000] {dagbag.py:538} INFO - Filling up the DagBag from /opt/airflow/dags/telemetry_pipeline_dag.py
[2026-04-10T05:35:43.183+0000] {processor.py:840} INFO - DAG(s) 'vehicle_telemetry_ml_pipeline' retrieved from /opt/airflow/dags/telemetry_pipeline_dag.py
[2026-04-10T05:35:43.200+0000] {logging_mixin.py:188} INFO - [2026-04-10T05:35:43.199+0000] {dag.py:3036} INFO - Sync 1 DAGs
[2026-04-10T05:35:43.278+0000] {logging_mixin.py:188} INFO - [2026-04-10T05:35:43.278+0000] {dag.py:3823} INFO - Setting next_dagrun for vehicle_telemetry_ml_pipeline to 2026-04-09 00:00:00+00:00, run_after=2026-04-10 00:00:00+00:00
[2026-04-10T05:35:43.348+0000] {processor.py:183} INFO - Processing /opt/airflow/dags/telemetry_pipeline_dag.py took 0.209 seconds
[2026-04-10T05:36:42.481+0000] {processor.py:161} INFO - Started process (PID=183) to work on /opt/airflow/dags/telemetry_pipeline_dag.py
[2026-04-10T05:36:42.483+0000] {processor.py:830} INFO - Processing file /opt/airflow/dags/telemetry_pipeline_dag.py for tasks to queue
[2026-04-10T05:36:42.484+0000] {logging_mixin.py:188} INFO - [2026-04-10T05:36:42.484+0000] {dagbag.py:538} INFO - Filling up the DagBag from /opt/airflow/dags/telemetry_pipeline_dag.py
[2026-04-10T05:35:48.478+0000] {processor.py:840} INFO - DAG(s) 'vehicle_telemetry_ml_pipeline' retrieved from /opt/airflow/dags/telemetry_pipeline_dag.py
[2026-04-10T05:35:48.491+0000] {logging_mixin.py:188} INFO - [2026-04-10T05:35:48.491+0000] {dag.py:3036} INFO - Sync 1 DAGs
[2026-04-10T05:35:48.516+0000] {logging_mixin.py:188} INFO - [2026-04-10T05:35:48.516+0000] {dag.py:3823} INFO - Setting next_dagrun for vehicle_telemetry_ml_pipeline to 2026-04-09 00:00:00+00:00, run_after=2026-04-10 00:00:00+00:00
[2026-04-10T05:35:48.536+0000] {processor.py:183} INFO - Processing /opt/airflow/dags/telemetry_pipeline_dag.py took 0.107 seconds
[2026-04-10T05:37:22.717+0000] {processor.py:161} INFO - Started process (PID=166) to work on /opt/airflow/dags/telemetry_pipeline_dag.py
[2026-04-10T05:37:22.721+0000] {processor.py:830} INFO - Processing file /opt/airflow/dags/telemetry_pipeline_dag.py for tasks to queue
[2026-04-10T05:37:22.733+0000] {logging_mixin.py:188} INFO - [2026-04-10T05:37:22.723+0000] {dagbag.py:538} INFO - Filling up the DagBag from /opt/airflow/dags/telemetry_pipeline_dag.py
[2026-04-10T05:37:22.947+0000] {processor.py:840} INFO - DAG(s) 'vehicle_telemetry_ml_pipeline' retrieved from /opt/airflow/dags/telemetry_pipeline_dag.py
[2026-04-10T05:37:23.036+0000] {logging_mixin.py:188} INFO - [2026-04-10T05:37:23.035+0000] {dag.py:3036} INFO - Sync 1 DAGs
[2026-04-10T05:37:23.116+0000] {logging_mixin.py:188} INFO - [2026-04-10T05:37:23.114+0000] {dag.py:3823} INFO - Setting next_dagrun for vehicle_telemetry_ml_pipeline to 2026-04-09 00:00:00+00:00, run_after=2026-04-10 00:00:00+00:00
[2026-04-10T05:37:23.201+0000] {processor.py:183} INFO - Processing /opt/airflow/dags/telemetry_pipeline_dag.py took 0.497 seconds
[2026-04-10T05:38:47.520+0000] {processor.py:161} INFO - Started process (PID=172) to work on /opt/airflow/dags/telemetry_pipeline_dag.py
[2026-04-10T05:38:47.521+0000] {processor.py:830} INFO - Processing file /opt/airflow/dags/telemetry_pipeline_dag.py for tasks to queue
[2026-04-10T05:38:47.523+0000] {logging_mixin.py:188} INFO - [2026-04-10T05:38:47.523+0000] {dagbag.py:538} INFO - Filling up the DagBag from /opt/airflow/dags/telemetry_pipeline_dag.py
[2026-04-10T05:38:47.563+0000] {processor.py:840} INFO - DAG(s) 'vehicle_telemetry_ml_pipeline' retrieved from /opt/airflow/dags/telemetry_pipeline_dag.py
[2026-04-10T05:38:47.791+0000] {logging_mixin.py:188} INFO - [2026-04-10T05:38:47.791+0000] {dag.py:3036} INFO - Sync 1 DAGs
[2026-04-10T05:38:47.815+0000] {logging_mixin.py:188} INFO - [2026-04-10T05:38:47.815+0000] {dag.py:3823} INFO - Setting next_dagrun for vehicle_telemetry_ml_pipeline to 2026-04-09 00:00:00+00:00, run_after=2026-04-10 00:00:00+00:00
[2026-04-10T05:38:47.844+0000] {processor.py:183} INFO - Processing /opt/airflow/dags/telemetry_pipeline_dag.py took 0.328 seconds
[2026-04-10T05:39:18.212+0000] {processor.py:161} INFO - Started process (PID=177) to work on /opt/airflow/dags/telemetry_pipeline_dag.py
[2026-04-10T05:39:18.214+0000] {processor.py:830} INFO - Processing file /opt/airflow/dags/telemetry_pipeline_dag.py for tasks to queue
[2026-04-10T05:39:18.215+0000] {logging_mixin.py:188} INFO - [2026-04-10T05:39:18.215+0000] {dagbag.py:538} INFO - Filling up the DagBag from /opt/airflow/dags/telemetry_pipeline_dag.py
[2026-04-10T05:39:18.255+0000] {processor.py:840} INFO - DAG(s) 'vehicle_telemetry_ml_pipeline' retrieved from /opt/airflow/dags/telemetry_pipeline_dag.py
[2026-04-10T05:39:18.285+0000] {logging_mixin.py:188} INFO - [2026-04-10T05:39:18.285+0000] {dag.py:3036} INFO - Sync 1 DAGs
[2026-04-10T05:39:18.306+0000] {logging_mixin.py:188} INFO - [2026-04-10T05:39:18.306+0000] {dag.py:3823} INFO - Setting next_dagrun for vehicle_telemetry_ml_pipeline to 2026-04-09 00:00:00+00:00, run_after=2026-04-10 00:00:00+00:00
[2026-04-10T05:39:18.329+0000] {processor.py:183} INFO - Processing /opt/airflow/dags/telemetry_pipeline_dag.py took 0.122 seconds
[2026-04-10T05:40:22.561+0000] {processor.py:161} INFO - Started process (PID=182) to work on /opt/airflow/dags/telemetry_pipeline_dag.py
[2026-04-10T05:40:22.563+0000] {processor.py:830} INFO - Processing file /opt/airflow/dags/telemetry_pipeline_dag.py for tasks to queue
[2026-04-10T05:39:28.519+0000] {logging_mixin.py:188} INFO - [2026-04-10T05:39:28.519+0000] {dagbag.py:538} INFO - Filling up the DagBag from /opt/airflow/dags/telemetry_pipeline_dag.py
[2026-04-10T05:39:28.549+0000] {processor.py:840} INFO - DAG(s) 'vehicle_telemetry_ml_pipeline' retrieved from /opt/airflow/dags/telemetry_pipeline_dag.py
[2026-04-10T05:39:28.588+0000] {logging_mixin.py:188} INFO - [2026-04-10T05:39:28.587+0000] {dag.py:3036} INFO - Sync 1 DAGs
[2026-04-10T05:39:28.613+0000] {logging_mixin.py:188} INFO - [2026-04-10T05:39:28.613+0000] {dag.py:3823} INFO - Setting next_dagrun for vehicle_telemetry_ml_pipeline to 2026-04-09 00:00:00+00:00, run_after=2026-04-10 00:00:00+00:00
[2026-04-10T05:39:28.634+0000] {processor.py:183} INFO - Processing /opt/airflow/dags/telemetry_pipeline_dag.py took 0.125 seconds
[2026-04-10T05:39:33.582+0000] {processor.py:161} INFO - Started process (PID=187) to work on /opt/airflow/dags/telemetry_pipeline_dag.py
[2026-04-10T05:39:33.583+0000] {processor.py:830} INFO - Processing file /opt/airflow/dags/telemetry_pipeline_dag.py for tasks to queue
[2026-04-10T05:39:33.585+0000] {logging_mixin.py:188} INFO - [2026-04-10T05:39:33.585+0000] {dagbag.py:538} INFO - Filling up the DagBag from /opt/airflow/dags/telemetry_pipeline_dag.py
[2026-04-10T05:39:33.626+0000] {processor.py:840} INFO - DAG(s) 'vehicle_telemetry_ml_pipeline' retrieved from /opt/airflow/dags/telemetry_pipeline_dag.py
[2026-04-10T05:39:33.657+0000] {logging_mixin.py:188} INFO - [2026-04-10T05:39:33.657+0000] {dag.py:3036} INFO - Sync 1 DAGs
[2026-04-10T05:39:33.676+0000] {logging_mixin.py:188} INFO - [2026-04-10T05:39:33.676+0000] {dag.py:3823} INFO - Setting next_dagrun for vehicle_telemetry_ml_pipeline to 2026-04-09 00:00:00+00:00, run_after=2026-04-10 00:00:00+00:00
[2026-04-10T05:39:33.705+0000] {processor.py:183} INFO - Processing /opt/airflow/dags/telemetry_pipeline_dag.py took 0.129 seconds
[2026-04-10T05:40:04.138+0000] {processor.py:161} INFO - Started process (PID=192) to work on /opt/airflow/dags/telemetry_pipeline_dag.py
[2026-04-10T05:40:04.141+0000] {processor.py:830} INFO - Processing file /opt/airflow/dags/telemetry_pipeline_dag.py for tasks to queue
[2026-04-10T05:40:04.144+0000] {logging_mixin.py:188} INFO - [2026-04-10T05:40:04.143+0000] {dagbag.py:538} INFO - Filling up the DagBag from /opt/airflow/dags/telemetry_pipeline_dag.py
[2026-04-10T05:40:04.221+0000] {processor.py:840} INFO - DAG(s) 'vehicle_telemetry_ml_pipeline' retrieved from /opt/airflow/dags/telemetry_pipeline_dag.py
[2026-04-10T05:40:04.289+0000] {logging_mixin.py:188} INFO - [2026-04-10T05:40:04.288+0000] {dag.py:3036} INFO - Sync 1 DAGs
[2026-04-10T05:40:04.335+0000] {logging_mixin.py:188} INFO - [2026-04-10T05:40:04.335+0000] {dag.py:3823} INFO - Setting next_dagrun for vehicle_telemetry_ml_pipeline to 2026-04-09 00:00:00+00:00, run_after=2026-04-10 00:00:00+00:00
[2026-04-10T05:40:04.371+0000] {processor.py:183} INFO - Processing /opt/airflow/dags/telemetry_pipeline_dag.py took 0.244 seconds
[2026-04-10T05:40:18.649+0000] {processor.py:161} INFO - Started process (PID=197) to work on /opt/airflow/dags/telemetry_pipeline_dag.py
[2026-04-10T05:40:18.652+0000] {processor.py:830} INFO - Processing file /opt/airflow/dags/telemetry_pipeline_dag.py for tasks to queue
[2026-04-10T05:40:18.657+0000] {logging_mixin.py:188} INFO - [2026-04-10T05:40:18.656+0000] {dagbag.py:538} INFO - Filling up the DagBag from /opt/airflow/dags/telemetry_pipeline_dag.py
[2026-04-10T05:40:18.707+0000] {processor.py:840} INFO - DAG(s) 'vehicle_telemetry_ml_pipeline' retrieved from /opt/airflow/dags/telemetry_pipeline_dag.py
[2026-04-10T05:40:18.768+0000] {logging_mixin.py:188} INFO - [2026-04-10T05:40:18.767+0000] {dag.py:3036} INFO - Sync 1 DAGs
[2026-04-10T05:40:18.809+0000] {logging_mixin.py:188} INFO - [2026-04-10T05:40:18.808+0000] {dag.py:3823} INFO - Setting next_dagrun for vehicle_telemetry_ml_pipeline to 2026-04-09 00:00:00+00:00, run_after=2026-04-10 00:00:00+00:00
[2026-04-10T05:40:18.845+0000] {processor.py:183} INFO - Processing /opt/airflow/dags/telemetry_pipeline_dag.py took 0.204 seconds
[2026-04-10T05:41:40.777+0000] {processor.py:161} INFO - Started process (PID=202) to work on /opt/airflow/dags/telemetry_pipeline_dag.py
[2026-04-10T05:41:40.779+0000] {processor.py:830} INFO - Processing file /opt/airflow/dags/telemetry_pipeline_dag.py for tasks to queue
[2026-04-10T05:41:40.781+0000] {logging_mixin.py:188} INFO - [2026-04-10T05:41:40.780+0000] {dagbag.py:538} INFO - Filling up the DagBag from /opt/airflow/dags/telemetry_pipeline_dag.py
[2026-04-10T05:41:40.818+0000] {processor.py:840} INFO - DAG(s) 'vehicle_telemetry_ml_pipeline' retrieved from /opt/airflow/dags/telemetry_pipeline_dag.py
[2026-04-10T05:40:46.782+0000] {logging_mixin.py:188} INFO - [2026-04-10T05:40:46.781+0000] {dag.py:3036} INFO - Sync 1 DAGs
[2026-04-10T05:40:46.827+0000] {logging_mixin.py:188} INFO - [2026-04-10T05:40:46.827+0000] {dag.py:3823} INFO - Setting next_dagrun for vehicle_telemetry_ml_pipeline to 2026-04-10 00:00:00+00:00, run_after=2026-04-11 00:00:00+00:00
[2026-04-10T05:40:46.862+0000] {processor.py:183} INFO - Processing /opt/airflow/dags/telemetry_pipeline_dag.py took 0.182 seconds
[2026-04-10T05:41:17.036+0000] {processor.py:161} INFO - Started process (PID=246) to work on /opt/airflow/dags/telemetry_pipeline_dag.py
[2026-04-10T05:41:17.038+0000] {processor.py:830} INFO - Processing file /opt/airflow/dags/telemetry_pipeline_dag.py for tasks to queue
[2026-04-10T05:41:17.040+0000] {logging_mixin.py:188} INFO - [2026-04-10T05:41:17.040+0000] {dagbag.py:538} INFO - Filling up the DagBag from /opt/airflow/dags/telemetry_pipeline_dag.py
[2026-04-10T05:41:17.107+0000] {processor.py:840} INFO - DAG(s) 'vehicle_telemetry_ml_pipeline' retrieved from /opt/airflow/dags/telemetry_pipeline_dag.py
[2026-04-10T05:41:17.146+0000] {logging_mixin.py:188} INFO - [2026-04-10T05:41:17.145+0000] {dag.py:3036} INFO - Sync 1 DAGs
[2026-04-10T05:41:17.176+0000] {logging_mixin.py:188} INFO - [2026-04-10T05:41:17.176+0000] {dag.py:3823} INFO - Setting next_dagrun for vehicle_telemetry_ml_pipeline to 2026-04-10 00:00:00+00:00, run_after=2026-04-11 00:00:00+00:00
[2026-04-10T05:41:17.204+0000] {processor.py:183} INFO - Processing /opt/airflow/dags/telemetry_pipeline_dag.py took 0.175 seconds
[2026-04-10T05:41:47.845+0000] {processor.py:161} INFO - Started process (PID=252) to work on /opt/airflow/dags/telemetry_pipeline_dag.py
[2026-04-10T05:41:47.849+0000] {processor.py:830} INFO - Processing file /opt/airflow/dags/telemetry_pipeline_dag.py for tasks to queue
[2026-04-10T05:41:47.850+0000] {logging_mixin.py:188} INFO - [2026-04-10T05:41:47.850+0000] {dagbag.py:538} INFO - Filling up the DagBag from /opt/airflow/dags/telemetry_pipeline_dag.py
[2026-04-10T05:41:47.886+0000] {processor.py:840} INFO - DAG(s) 'vehicle_telemetry_ml_pipeline' retrieved from /opt/airflow/dags/telemetry_pipeline_dag.py
[2026-04-10T05:41:47.927+0000] {logging_mixin.py:188} INFO - [2026-04-10T05:41:47.927+0000] {dag.py:3036} INFO - Sync 1 DAGs
[2026-04-10T05:41:47.968+0000] {logging_mixin.py:188} INFO - [2026-04-10T05:41:47.968+0000] {dag.py:3823} INFO - Setting next_dagrun for vehicle_telemetry_ml_pipeline to 2026-04-10 00:00:00+00:00, run_after=2026-04-11 00:00:00+00:00
[2026-04-10T05:41:48.007+0000] {processor.py:183} INFO - Processing /opt/airflow/dags/telemetry_pipeline_dag.py took 0.167 seconds
[2026-04-10T05:41:48.923+0000] {processor.py:161} INFO - Started process (PID=259) to work on /opt/airflow/dags/telemetry_pipeline_dag.py
[2026-04-10T05:41:48.934+0000] {processor.py:830} INFO - Processing file /opt/airflow/dags/telemetry_pipeline_dag.py for tasks to queue
[2026-04-10T05:41:48.936+0000] {logging_mixin.py:188} INFO - [2026-04-10T05:41:48.936+0000] {dagbag.py:538} INFO - Filling up the DagBag from /opt/airflow/dags/telemetry_pipeline_dag.py
[2026-04-10T05:41:48.988+0000] {processor.py:840} INFO - DAG(s) 'vehicle_telemetry_ml_pipeline' retrieved from /opt/airflow/dags/telemetry_pipeline_dag.py
[2026-04-10T05:41:49.051+0000] {logging_mixin.py:188} INFO - [2026-04-10T05:41:49.048+0000] {dag.py:3036} INFO - Sync 1 DAGs
[2026-04-10T05:41:49.111+0000] {logging_mixin.py:188} INFO - [2026-04-10T05:41:49.111+0000] {dag.py:3823} INFO - Setting next_dagrun for vehicle_telemetry_ml_pipeline to 2026-04-10 00:00:00+00:00, run_after=2026-04-11 00:00:00+00:00
[2026-04-10T05:41:49.176+0000] {processor.py:183} INFO - Processing /opt/airflow/dags/telemetry_pipeline_dag.py took 0.278 seconds
[2026-04-10T05:42:19.374+0000] {processor.py:161} INFO - Started process (PID=264) to work on /opt/airflow/dags/telemetry_pipeline_dag.py
[2026-04-10T05:42:19.377+0000] {processor.py:830} INFO - Processing file /opt/airflow/dags/telemetry_pipeline_dag.py for tasks to queue
[2026-04-10T05:42:19.379+0000] {logging_mixin.py:188} INFO - [2026-04-10T05:42:19.378+0000] {dagbag.py:538} INFO - Filling up the DagBag from /opt/airflow/dags/telemetry_pipeline_dag.py
[2026-04-10T05:42:19.429+0000] {processor.py:840} INFO - DAG(s) 'vehicle_telemetry_ml_pipeline' retrieved from /opt/airflow/dags/telemetry_pipeline_dag.py
[2026-04-10T05:42:19.482+0000] {logging_mixin.py:188} INFO - [2026-04-10T05:42:19.482+0000] {dag.py:3036} INFO - Sync 1 DAGs
[2026-04-10T05:42:19.521+0000] {logging_mixin.py:188} INFO - [2026-04-10T05:42:19.520+0000] {dag.py:3823} INFO - Setting next_dagrun for vehicle_telemetry_ml_pipeline to 2026-04-10 00:00:00+00:00, run_after=2026-04-11 00:00:00+00:00
[2026-04-10T05:42:19.556+0000] {processor.py:183} INFO - Processing /opt/airflow/dags/telemetry_pipeline_dag.py took 0.190 seconds
[2026-04-10T05:43:27.830+0000] {processor.py:161} INFO - Started process (PID=306) to work on /opt/airflow/dags/telemetry_pipeline_dag.py
[2026-04-10T05:43:27.831+0000] {processor.py:830} INFO - Processing file /opt/airflow/dags/telemetry_pipeline_dag.py for tasks to queue
[2026-04-10T05:43:27.833+0000] {logging_mixin.py:188} INFO - [2026-04-10T05:43:27.832+0000] {dagbag.py:538} INFO - Filling up the DagBag from /opt/airflow/dags/telemetry_pipeline_dag.py
[2026-04-10T05:42:33.826+0000] {processor.py:840} INFO - DAG(s) 'vehicle_telemetry_ml_pipeline' retrieved from /opt/airflow/dags/telemetry_pipeline_dag.py
[2026-04-10T05:42:33.873+0000] {logging_mixin.py:188} INFO - [2026-04-10T05:42:33.873+0000] {dag.py:3036} INFO - Sync 1 DAGs
[2026-04-10T05:42:33.926+0000] {logging_mixin.py:188} INFO - [2026-04-10T05:42:33.925+0000] {dag.py:3823} INFO - Setting next_dagrun for vehicle_telemetry_ml_pipeline to 2026-04-10 00:00:00+00:00, run_after=2026-04-11 00:00:00+00:00
[2026-04-10T05:42:33.972+0000] {processor.py:183} INFO - Processing /opt/airflow/dags/telemetry_pipeline_dag.py took 0.189 seconds
[2026-04-10T05:42:38.851+0000] {processor.py:161} INFO - Started process (PID=311) to work on /opt/airflow/dags/telemetry_pipeline_dag.py
[2026-04-10T05:42:38.853+0000] {processor.py:830} INFO - Processing file /opt/airflow/dags/telemetry_pipeline_dag.py for tasks to queue
[2026-04-10T05:42:38.854+0000] {logging_mixin.py:188} INFO - [2026-04-10T05:42:38.854+0000] {dagbag.py:538} INFO - Filling up the DagBag from /opt/airflow/dags/telemetry_pipeline_dag.py
[2026-04-10T05:42:38.896+0000] {processor.py:840} INFO - DAG(s) 'vehicle_telemetry_ml_pipeline' retrieved from /opt/airflow/dags/telemetry_pipeline_dag.py
[2026-04-10T05:42:38.929+0000] {logging_mixin.py:188} INFO - [2026-04-10T05:42:38.929+0000] {dag.py:3036} INFO - Sync 1 DAGs
[2026-04-10T05:42:38.960+0000] {logging_mixin.py:188} INFO - [2026-04-10T05:42:38.960+0000] {dag.py:3823} INFO - Setting next_dagrun for vehicle_telemetry_ml_pipeline to 2026-04-10 00:00:00+00:00, run_after=2026-04-11 00:00:00+00:00
[2026-04-10T05:42:38.984+0000] {processor.py:183} INFO - Processing /opt/airflow/dags/telemetry_pipeline_dag.py took 0.140 seconds
[2026-04-10T05:43:09.165+0000] {processor.py:161} INFO - Started process (PID=316) to work on /opt/airflow/dags/telemetry_pipeline_dag.py
[2026-04-10T05:43:09.169+0000] {processor.py:830} INFO - Processing file /opt/airflow/dags/telemetry_pipeline_dag.py for tasks to queue
[2026-04-10T05:43:09.172+0000] {logging_mixin.py:188} INFO - [2026-04-10T05:43:09.171+0000] {dagbag.py:538} INFO - Filling up the DagBag from /opt/airflow/dags/telemetry_pipeline_dag.py
[2026-04-10T05:43:09.219+0000] {processor.py:840} INFO - DAG(s) 'vehicle_telemetry_ml_pipeline' retrieved from /opt/airflow/dags/telemetry_pipeline_dag.py
[2026-04-10T05:43:09.257+0000] {logging_mixin.py:188} INFO - [2026-04-10T05:43:09.257+0000] {dag.py:3036} INFO - Sync 1 DAGs
[2026-04-10T05:43:09.287+0000] {logging_mixin.py:188} INFO - [2026-04-10T05:43:09.287+0000] {dag.py:3823} INFO - Setting next_dagrun for vehicle_telemetry_ml_pipeline to 2026-04-10 00:00:00+00:00, run_after=2026-04-11 00:00:00+00:00
[2026-04-10T05:43:09.318+0000] {processor.py:183} INFO - Processing /opt/airflow/dags/telemetry_pipeline_dag.py took 0.159 seconds
[2026-04-10T05:43:39.539+0000] {processor.py:161} INFO - Started process (PID=321) to work on /opt/airflow/dags/telemetry_pipeline_dag.py
[2026-04-10T05:43:39.541+0000] {processor.py:830} INFO - Processing file /opt/airflow/dags/telemetry_pipeline_dag.py for tasks to queue
[2026-04-10T05:43:39.542+0000] {logging_mixin.py:188} INFO - [2026-04-10T05:43:39.542+0000] {dagbag.py:538} INFO - Filling up the DagBag from /opt/airflow/dags/telemetry_pipeline_dag.py
[2026-04-10T05:43:39.573+0000] {processor.py:840} INFO - DAG(s) 'vehicle_telemetry_ml_pipeline' retrieved from /opt/airflow/dags/telemetry_pipeline_dag.py
[2026-04-10T05:43:39.615+0000] {logging_mixin.py:188} INFO - [2026-04-10T05:43:39.615+0000] {dag.py:3036} INFO - Sync 1 DAGs
[2026-04-10T05:43:39.642+0000] {logging_mixin.py:188} INFO - [2026-04-10T05:43:39.642+0000] {dag.py:3823} INFO - Setting next_dagrun for vehicle_telemetry_ml_pipeline to 2026-04-10 00:00:00+00:00, run_after=2026-04-11 00:00:00+00:00
[2026-04-10T05:43:39.679+0000] {processor.py:183} INFO - Processing /opt/airflow/dags/telemetry_pipeline_dag.py took 0.146 seconds
[2026-04-10T05:43:44.787+0000] {processor.py:161} INFO - Started process (PID=326) to work on /opt/airflow/dags/telemetry_pipeline_dag.py
[2026-04-10T05:43:44.790+0000] {processor.py:830} INFO - Processing file /opt/airflow/dags/telemetry_pipeline_dag.py for tasks to queue
[2026-04-10T05:43:44.792+0000] {logging_mixin.py:188} INFO - [2026-04-10T05:43:44.791+0000] {dagbag.py:538} INFO - Filling up the DagBag from /opt/airflow/dags/telemetry_pipeline_dag.py
[2026-04-10T05:43:44.827+0000] {processor.py:840} INFO - DAG(s) 'vehicle_telemetry_ml_pipeline' retrieved from /opt/airflow/dags/telemetry_pipeline_dag.py
[2026-04-10T05:43:44.863+0000] {logging_mixin.py:188} INFO - [2026-04-10T05:43:44.862+0000] {dag.py:3036} INFO - Sync 1 DAGs
[2026-04-10T05:43:44.890+0000] {logging_mixin.py:188} INFO - [2026-04-10T05:43:44.890+0000] {dag.py:3823} INFO - Setting next_dagrun for vehicle_telemetry_ml_pipeline to 2026-04-10 00:00:00+00:00, run_after=2026-04-11 00:00:00+00:00
[2026-04-10T05:43:44.918+0000] {processor.py:183} INFO - Processing /opt/airflow/dags/telemetry_pipeline_dag.py took 0.139 seconds
[2026-04-10T05:44:52.943+0000] {processor.py:161} INFO - Started process (PID=331) to work on /opt/airflow/dags/telemetry_pipeline_dag.py
[2026-04-10T05:44:52.944+0000] {processor.py:830} INFO - Processing file /opt/airflow/dags/telemetry_pipeline_dag.py for tasks to queue
[2026-04-10T05:44:52.945+0000] {logging_mixin.py:188} INFO - [2026-04-10T05:44:52.945+0000] {dagbag.py:538} INFO - Filling up the DagBag from /opt/airflow/dags/telemetry_pipeline_dag.py
[2026-04-10T05:44:52.966+0000] {processor.py:840} INFO - DAG(s) 'vehicle_telemetry_ml_pipeline' retrieved from /opt/airflow/dags/telemetry_pipeline_dag.py
[2026-04-10T05:43:58.947+0000] {logging_mixin.py:188} INFO - [2026-04-10T05:43:58.947+0000] {dag.py:3036} INFO - Sync 1 DAGs
[2026-04-10T05:43:58.969+0000] {logging_mixin.py:188} INFO - [2026-04-10T05:43:58.969+0000] {dag.py:3823} INFO - Setting next_dagrun for vehicle_telemetry_ml_pipeline to 2026-04-10 00:00:00+00:00, run_after=2026-04-11 00:00:00+00:00
[2026-04-10T05:43:58.997+0000] {processor.py:183} INFO - Processing /opt/airflow/dags/telemetry_pipeline_dag.py took 0.105 seconds
[2026-04-10T05:44:03.950+0000] {processor.py:161} INFO - Started process (PID=336) to work on /opt/airflow/dags/telemetry_pipeline_dag.py
[2026-04-10T05:44:03.951+0000] {processor.py:830} INFO - Processing file /opt/airflow/dags/telemetry_pipeline_dag.py for tasks to queue
[2026-04-10T05:44:03.952+0000] {logging_mixin.py:188} INFO - [2026-04-10T05:44:03.952+0000] {dagbag.py:538} INFO - Filling up the DagBag from /opt/airflow/dags/telemetry_pipeline_dag.py
[2026-04-10T05:44:03.978+0000] {processor.py:840} INFO - DAG(s) 'vehicle_telemetry_ml_pipeline' retrieved from /opt/airflow/dags/telemetry_pipeline_dag.py
[2026-04-10T05:44:04.014+0000] {logging_mixin.py:188} INFO - [2026-04-10T05:44:04.014+0000] {dag.py:3036} INFO - Sync 1 DAGs
[2026-04-10T05:44:04.040+0000] {logging_mixin.py:188} INFO - [2026-04-10T05:44:04.040+0000] {dag.py:3823} INFO - Setting next_dagrun for vehicle_telemetry_ml_pipeline to 2026-04-10 00:00:00+00:00, run_after=2026-04-11 00:00:00+00:00
[2026-04-10T05:44:04.061+0000] {processor.py:183} INFO - Processing /opt/airflow/dags/telemetry_pipeline_dag.py took 0.115 seconds
[2026-04-10T05:44:34.933+0000] {processor.py:161} INFO - Started process (PID=341) to work on /opt/airflow/dags/telemetry_pipeline_dag.py
[2026-04-10T05:44:34.934+0000] {processor.py:830} INFO - Processing file /opt/airflow/dags/telemetry_pipeline_dag.py for tasks to queue
[2026-04-10T05:44:34.935+0000] {logging_mixin.py:188} INFO - [2026-04-10T05:44:34.935+0000] {dagbag.py:538} INFO - Filling up the DagBag from /opt/airflow/dags/telemetry_pipeline_dag.py
[2026-04-10T05:44:34.974+0000] {processor.py:840} INFO - DAG(s) 'vehicle_telemetry_ml_pipeline' retrieved from /opt/airflow/dags/telemetry_pipeline_dag.py
[2026-04-10T05:44:34.998+0000] {logging_mixin.py:188} INFO - [2026-04-10T05:44:34.998+0000] {dag.py:3036} INFO - Sync 1 DAGs
[2026-04-10T05:44:35.016+0000] {logging_mixin.py:188} INFO - [2026-04-10T05:44:35.016+0000] {dag.py:3823} INFO - Setting next_dagrun for vehicle_telemetry_ml_pipeline to 2026-04-10 00:00:00+00:00, run_after=2026-04-11 00:00:00+00:00
[2026-04-10T05:44:35.036+0000] {processor.py:183} INFO - Processing /opt/airflow/dags/telemetry_pipeline_dag.py took 0.107 seconds
[2026-04-10T05:45:33.032+0000] {processor.py:161} INFO - Started process (PID=346) to work on /opt/airflow/dags/telemetry_pipeline_dag.py
[2026-04-10T05:45:33.033+0000] {processor.py:830} INFO - Processing file /opt/airflow/dags/telemetry_pipeline_dag.py for tasks to queue
[2026-04-10T05:45:33.034+0000] {logging_mixin.py:188} INFO - [2026-04-10T05:45:33.033+0000] {dagbag.py:538} INFO - Filling up the DagBag from /opt/airflow/dags/telemetry_pipeline_dag.py
[2026-04-10T05:45:33.053+0000] {processor.py:840} INFO - DAG(s) 'vehicle_telemetry_ml_pipeline' retrieved from /opt/airflow/dags/telemetry_pipeline_dag.py
[2026-04-10T05:44:39.042+0000] {logging_mixin.py:188} INFO - [2026-04-10T05:44:39.041+0000] {dag.py:3036} INFO - Sync 1 DAGs
[2026-04-10T05:44:39.067+0000] {logging_mixin.py:188} INFO - [2026-04-10T05:44:39.067+0000] {dag.py:3823} INFO - Setting next_dagrun for vehicle_telemetry_ml_pipeline to 2026-04-10 00:00:00+00:00, run_after=2026-04-11 00:00:00+00:00
[2026-04-10T05:44:39.094+0000] {processor.py:183} INFO - Processing /opt/airflow/dags/telemetry_pipeline_dag.py took 0.112 seconds
