[2026-04-10T05:35:12.902+0000] {manager.py:469} INFO - Processing files using up to 2 processes at a time 
[2026-04-10T05:35:12.903+0000] {manager.py:470} INFO - Process each file at most once every 30 seconds
[2026-04-10T05:35:12.923+0000] {manager.py:471} INFO - Checking for new files in /opt/airflow/dags every 300 seconds
[2026-04-10T05:35:12.924+0000] {manager.py:738} INFO - Searching for files in /opt/airflow/dags
[2026-04-10T05:36:07.014+0000] {manager.py:741} INFO - There are 1 files in /opt/airflow/dags
[2026-04-10T05:35:13.105+0000] {manager.py:879} INFO - 
================================================================================
DAG File Processing Stats

File Path                                      PID  Runtime      # DAGs    # Errors  Last Runtime    Last Run
-------------------------------------------  -----  ---------  --------  ----------  --------------  ----------
/opt/airflow/dags/telemetry_pipeline_dag.py    168  -53.98s           0           0
================================================================================
[2026-04-10T05:36:37.155+0000] {manager.py:879} INFO - 
================================================================================
DAG File Processing Stats

File Path                                      PID  Runtime      # DAGs    # Errors  Last Runtime    Last Run
-------------------------------------------  -----  ---------  --------  ----------  --------------  -------------------
/opt/airflow/dags/telemetry_pipeline_dag.py    178  0.01s             1           0  -53.71s         2026-04-10T05:35:38
================================================================================
[2026-04-10T05:36:03.253+0000] {manager.py:451} INFO - Exiting gracefully upon receiving signal 15
[2026-04-10T05:37:22.360+0000] {manager.py:469} INFO - Processing files using up to 2 processes at a time 
[2026-04-10T05:37:22.363+0000] {manager.py:470} INFO - Process each file at most once every 30 seconds
[2026-04-10T05:37:22.365+0000] {manager.py:471} INFO - Checking for new files in /opt/airflow/dags every 300 seconds
[2026-04-10T05:37:22.367+0000] {manager.py:738} INFO - Searching for files in /opt/airflow/dags
[2026-04-10T05:37:22.410+0000] {manager.py:741} INFO - There are 1 files in /opt/airflow/dags
[2026-04-10T05:37:22.763+0000] {manager.py:879} INFO - 
================================================================================
DAG File Processing Stats

File Path                                      PID  Runtime      # DAGs    # Errors  Last Runtime    Last Run
-------------------------------------------  -----  ---------  --------  ----------  --------------  ----------
/opt/airflow/dags/telemetry_pipeline_dag.py    166  0.17s             0           0
================================================================================
[2026-04-10T05:37:52.963+0000] {manager.py:879} INFO - 
================================================================================
DAG File Processing Stats

File Path                                    PID    Runtime      # DAGs    # Errors  Last Runtime    Last Run
-------------------------------------------  -----  ---------  --------  ----------  --------------  -------------------
/opt/airflow/dags/telemetry_pipeline_dag.py                           1           0  54.68s          2026-04-10T05:38:17
================================================================================
[2026-04-10T05:38:23.195+0000] {manager.py:879} INFO - 
================================================================================
DAG File Processing Stats

File Path                                    PID    Runtime      # DAGs    # Errors  Last Runtime    Last Run
-------------------------------------------  -----  ---------  --------  ----------  --------------  -------------------
/opt/airflow/dags/telemetry_pipeline_dag.py                           1           0  54.68s          2026-04-10T05:38:17
================================================================================
[2026-04-10T05:38:52.906+0000] {manager.py:879} INFO - 
================================================================================
DAG File Processing Stats

File Path                                    PID    Runtime      # DAGs    # Errors  Last Runtime    Last Run
-------------------------------------------  -----  ---------  --------  ----------  --------------  -------------------
/opt/airflow/dags/telemetry_pipeline_dag.py                           1           0  0.37s           2026-04-10T05:38:47
================================================================================
[2026-04-10T05:39:23.224+0000] {manager.py:879} INFO - 
================================================================================
DAG File Processing Stats

File Path                                    PID    Runtime      # DAGs    # Errors  Last Runtime    Last Run
-------------------------------------------  -----  ---------  --------  ----------  --------------  -------------------
/opt/airflow/dags/telemetry_pipeline_dag.py                           1           0  0.16s           2026-04-10T05:39:18
================================================================================
[2026-04-10T05:39:53.864+0000] {manager.py:879} INFO - 
================================================================================
DAG File Processing Stats

File Path                                    PID    Runtime      # DAGs    # Errors  Last Runtime    Last Run
-------------------------------------------  -----  ---------  --------  ----------  --------------  -------------------
/opt/airflow/dags/telemetry_pipeline_dag.py                           1           0  0.17s           2026-04-10T05:39:33
================================================================================
[2026-04-10T05:40:23.921+0000] {manager.py:879} INFO - 
================================================================================
DAG File Processing Stats

File Path                                    PID    Runtime      # DAGs    # Errors  Last Runtime    Last Run
-------------------------------------------  -----  ---------  --------  ----------  --------------  -------------------
/opt/airflow/dags/telemetry_pipeline_dag.py                           1           0  -53.78s         2026-04-10T05:40:18
================================================================================
[2026-04-10T05:40:53.755+0000] {manager.py:879} INFO - 
================================================================================
DAG File Processing Stats

File Path                                    PID    Runtime      # DAGs    # Errors  Last Runtime    Last Run
-------------------------------------------  -----  ---------  --------  ----------  --------------  -------------------
/opt/airflow/dags/telemetry_pipeline_dag.py                           1           0  -53.86s         2026-04-10T05:40:46
================================================================================
[2026-04-10T05:41:24.076+0000] {manager.py:879} INFO - 
================================================================================
DAG File Processing Stats

File Path                                    PID    Runtime      # DAGs    # Errors  Last Runtime    Last Run
-------------------------------------------  -----  ---------  --------  ----------  --------------  -------------------
/opt/airflow/dags/telemetry_pipeline_dag.py                           1           0  0.25s           2026-04-10T05:41:17
================================================================================
[2026-04-10T05:42:38.739+0000] {manager.py:738} INFO - Searching for files in /opt/airflow/dags
[2026-04-10T05:41:44.751+0000] {manager.py:741} INFO - There are 1 files in /opt/airflow/dags
[2026-04-10T05:41:53.034+0000] {manager.py:879} INFO - 
================================================================================
DAG File Processing Stats

File Path                                    PID    Runtime      # DAGs    # Errors  Last Runtime    Last Run
-------------------------------------------  -----  ---------  --------  ----------  --------------  -------------------
/opt/airflow/dags/telemetry_pipeline_dag.py                           1           0  0.38s           2026-04-10T05:41:49
================================================================================
[2026-04-10T05:42:23.565+0000] {manager.py:879} INFO - 
================================================================================
DAG File Processing Stats

File Path                                    PID    Runtime      # DAGs    # Errors  Last Runtime    Last Run
-------------------------------------------  -----  ---------  --------  ----------  --------------  -------------------
/opt/airflow/dags/telemetry_pipeline_dag.py                           1           0  0.24s           2026-04-10T05:42:19
================================================================================
[2026-04-10T05:42:53.951+0000] {manager.py:879} INFO - 
================================================================================
DAG File Processing Stats

File Path                                    PID    Runtime      # DAGs    # Errors  Last Runtime    Last Run
-------------------------------------------  -----  ---------  --------  ----------  --------------  -------------------
/opt/airflow/dags/telemetry_pipeline_dag.py                           1           0  -53.87s         2026-04-10T05:42:38
================================================================================
[2026-04-10T05:43:24.365+0000] {manager.py:879} INFO - 
================================================================================
DAG File Processing Stats

File Path                                    PID    Runtime      # DAGs    # Errors  Last Runtime    Last Run
-------------------------------------------  -----  ---------  --------  ----------  --------------  -------------------
/opt/airflow/dags/telemetry_pipeline_dag.py                           1           0  0.21s           2026-04-10T05:43:09
================================================================================
[2026-04-10T05:43:54.837+0000] {manager.py:879} INFO - 
================================================================================
DAG File Processing Stats

File Path                                    PID    Runtime      # DAGs    # Errors  Last Runtime    Last Run
-------------------------------------------  -----  ---------  --------  ----------  --------------  -------------------
/opt/airflow/dags/telemetry_pipeline_dag.py                           1           0  -53.86s         2026-04-10T05:43:44
================================================================================
[2026-04-10T05:44:24.841+0000] {manager.py:879} INFO - 
================================================================================
DAG File Processing Stats

File Path                                    PID    Runtime      # DAGs    # Errors  Last Runtime    Last Run
-------------------------------------------  -----  ---------  --------  ----------  --------------  -------------------
/opt/airflow/dags/telemetry_pipeline_dag.py                           1           0  -53.90s         2026-04-10T05:44:04
================================================================================
