[2026-04-10T05:42:31.692+0000] {taskinstance.py:1956} INFO - Dependencies all met for dep_context=non-requeueable deps ti=<TaskInstance: vehicle_telemetry_ml_pipeline.run_inference manual__2026-04-10T05:42:25.637877+00:00 [queued]>
[2026-04-10T05:42:31.709+0000] {taskinstance.py:1956} INFO - Dependencies all met for dep_context=requeueable deps ti=<TaskInstance: vehicle_telemetry_ml_pipeline.run_inference manual__2026-04-10T05:42:25.637877+00:00 [queued]>
[2026-04-10T05:42:31.710+0000] {taskinstance.py:2170} INFO - Starting attempt 1 of 3
[2026-04-10T05:42:31.744+0000] {taskinstance.py:2191} INFO - Executing <Task(PythonOperator): run_inference> on 2026-04-10 05:42:25.637877+00:00
[2026-04-10T05:42:31.754+0000] {standard_task_runner.py:60} INFO - Started process 304 to run task
[2026-04-10T05:42:31.759+0000] {standard_task_runner.py:87} INFO - Running: ['***', 'tasks', 'run', 'vehicle_telemetry_ml_pipeline', 'run_inference', 'manual__2026-04-10T05:42:25.637877+00:00', '--job-id', '8', '--raw', '--subdir', 'DAGS_FOLDER/telemetry_pipeline_dag.py', '--cfg-path', '/tmp/tmp4rqeszgy']
[2026-04-10T05:42:31.762+0000] {standard_task_runner.py:88} INFO - Job 8: Subtask run_inference
[2026-04-10T05:42:31.929+0000] {task_command.py:423} INFO - Running <TaskInstance: vehicle_telemetry_ml_pipeline.run_inference manual__2026-04-10T05:42:25.637877+00:00 [running]> on host 466f65d4fee1
[2026-04-10T05:42:32.037+0000] {taskinstance.py:2480} INFO - Exporting env vars: AIRFLOW_CTX_DAG_OWNER='telemetry-team' AIRFLOW_CTX_DAG_ID='vehicle_telemetry_ml_pipeline' AIRFLOW_CTX_TASK_ID='run_inference' AIRFLOW_CTX_EXECUTION_DATE='2026-04-10T05:42:25.637877+00:00' AIRFLOW_CTX_TRY_NUMBER='1' AIRFLOW_CTX_DAG_RUN_ID='manual__2026-04-10T05:42:25.637877+00:00'
[2026-04-10T05:42:32.848+0000] {taskinstance.py:2698} ERROR - Task failed with exception
Traceback (most recent call last):
  File "/home/airflow/.local/lib/python3.8/site-packages/airflow/models/taskinstance.py", line 433, in _execute_task
    result = execute_callable(context=context, **execute_callable_kwargs)
  File "/home/airflow/.local/lib/python3.8/site-packages/airflow/operators/python.py", line 199, in execute
    return_value = self.execute_callable()
  File "/home/airflow/.local/lib/python3.8/site-packages/airflow/operators/python.py", line 216, in execute_callable
    return self.python_callable(*self.op_args, **self.op_kwargs)
  File "/opt/airflow/dags/telemetry_pipeline_dag.py", line 31, in run_inference
    from sklearn.preprocessing import StandardScaler
ModuleNotFoundError: No module named 'sklearn'
[2026-04-10T05:42:32.879+0000] {taskinstance.py:1138} INFO - Marking task as UP_FOR_RETRY. dag_id=vehicle_telemetry_ml_pipeline, task_id=run_inference, execution_date=20260410T054225, start_date=20260410T054231, end_date=20260410T054232
[2026-04-10T05:42:32.901+0000] {standard_task_runner.py:107} ERROR - Failed to execute job 8 for task run_inference (No module named 'sklearn'; 304)
[2026-04-10T05:42:32.954+0000] {local_task_job_runner.py:234} INFO - Task exited with return code 1
[2026-04-10T05:42:33.002+0000] {taskinstance.py:3280} INFO - 0 downstream tasks scheduled from follow-on schedule check
